#### Task: HalfCheetah

|                     | fp32               |
|---------------------|--------------------|
| avg. return         | 971.51 +/- 61.34  |
| avg. inference time |  0.82 +/- 0.00     |
| avg. ep length      | 1000.00 +/- 0.00   |
397.84 +/- 0.29 MB
#### Task: HumanoidStandup

|                     | fp32               |
|---------------------|--------------------|
| avg. return         | 38243.15 +/- 2595.65  |
| avg. inference time |  4.87 +/- 0.05     |
| avg. ep length      | 1000.00 +/- 0.00   |
398.62 +/- 0.14 MB
#### Task: Ant

|                     | fp32               |
|---------------------|--------------------|
| avg. return         | 973.80 +/- 158.57  |
| avg. inference time |  1.81 +/- 0.37     |
| avg. ep length      | 773.50 +/- 154.51   |
397.43 +/- 0.16 MB
#### Task: HalfCheetah

|                     | fp32               |
|---------------------|--------------------|
| avg. return         | 971.51 +/- 61.34  |
| avg. inference time |  0.97 +/- 0.44     |
| avg. ep length      | 1000.00 +/- 0.00   |
397.49 +/- 0.29 MB
#### Task: HalfCheetah-v4

|                     | 0.05               |
|---------------------|--------------------|
| avg. return         | 952.19 +/- 67.95  |
| avg. inference time |  1.26 +/- 0.01     |
| avg. ep length      | 1000.00 +/- 0.00   |
401.66 +/- 0.67 MB
#### Task: HalfCheetah-v4

|                     | 0.1               |
|---------------------|--------------------|
| avg. return         | 929.68 +/- 66.00  |
| avg. inference time |  1.28 +/- 0.00     |
| avg. ep length      | 1000.00 +/- 0.00   |
401.62 +/- 0.65 MB
#### Task: HalfCheetah-v4

|                     | 0.15               |
|---------------------|--------------------|
| avg. return         | 897.45 +/- 67.86  |
| avg. inference time |  2.11 +/- 0.90     |
| avg. ep length      | 1000.00 +/- 0.00   |
401.92 +/- 0.42 MB
#### Task: HalfCheetah-v4

|                     | 0.2               |
|---------------------|--------------------|
| avg. return         | 897.13 +/- 74.95  |
| avg. inference time |  1.28 +/- 0.00     |
| avg. ep length      | 1000.00 +/- 0.00   |
402.45 +/- 0.52 MB
#### Task: HalfCheetah-v4

|                     | 0.25               |
|---------------------|--------------------|
| avg. return         | 871.55 +/- 92.07  |
| avg. inference time |  1.25 +/- 0.01     |
| avg. ep length      | 1000.00 +/- 0.00   |
402.53 +/- 0.75 MB
#### Task: HalfCheetah-v4

|                     | 0.3               |
|---------------------|--------------------|
| avg. return         | 834.08 +/- 70.53  |
| avg. inference time |  1.28 +/- 0.01     |
| avg. ep length      | 1000.00 +/- 0.00   |
401.79 +/- 0.60 MB
#### Task: HumanoidStandup

|                     | fp32               |
|---------------------|--------------------|
| avg. return         | 38243.15 +/- 2595.65  |
| avg. inference time |  4.86 +/- 0.05     |
| avg. ep length      | 1000.00 +/- 0.00   |
398.99 +/- 0.14 MB
#### Task: HumanoidStandup-v4

|                     | 0.05               |
|---------------------|--------------------|
| avg. return         | 39513.01 +/- 2865.95  |
| avg. inference time |  5.49 +/- 0.08     |
| avg. ep length      | 1000.00 +/- 0.00   |
406.19 +/- 0.45 MB
#### Task: HumanoidStandup-v4

|                     | 0.1               |
|---------------------|--------------------|
| avg. return         | 40421.77 +/- 1825.03  |
| avg. inference time |  5.48 +/- 0.14     |
| avg. ep length      | 1000.00 +/- 0.00   |
406.00 +/- 0.80 MB
#### Task: HumanoidStandup-v4

|                     | 0.15               |
|---------------------|--------------------|
| avg. return         | 39034.17 +/- 1573.16  |
| avg. inference time |  5.90 +/- 0.55     |
| avg. ep length      | 1000.00 +/- 0.00   |
406.43 +/- 0.98 MB
#### Task: HumanoidStandup-v4

|                     | 0.2               |
|---------------------|--------------------|
| avg. return         | 38504.12 +/- 1834.19  |
| avg. inference time |  5.48 +/- 0.10     |
| avg. ep length      | 1000.00 +/- 0.00   |
405.84 +/- 1.00 MB
#### Task: HumanoidStandup-v4

|                     | 0.25               |
|---------------------|--------------------|
| avg. return         | 46629.11 +/- 2038.22  |
| avg. inference time |  5.80 +/- 0.43     |
| avg. ep length      | 1000.00 +/- 0.00   |
406.02 +/- 0.55 MB
#### Task: HumanoidStandup-v4

|                     | 0.3               |
|---------------------|--------------------|
| avg. return         | 43457.70 +/- 3748.69  |
| avg. inference time |  5.84 +/- 0.55     |
| avg. ep length      | 1000.00 +/- 0.00   |
407.11 +/- 0.88 MB
#### Task: Ant

|                     | fp32               |
|---------------------|--------------------|
| avg. return         | 973.80 +/- 158.57  |
| avg. inference time |  1.85 +/- 0.38     |
| avg. ep length      | 773.50 +/- 154.51   |
398.04 +/- 0.40 MB
#### Task: Ant-v4

|                     | 0.05               |
|---------------------|--------------------|
| avg. return         | 893.14 +/- 124.95  |
| avg. inference time |  1.92 +/- 0.25     |
| avg. ep length      | 698.21 +/- 91.81   |
399.98 +/- 0.31 MB
#### Task: Ant-v4

|                     | 0.1               |
|---------------------|--------------------|
| avg. return         | 843.92 +/- 93.58  |
| avg. inference time |  1.80 +/- 0.31     |
| avg. ep length      | 661.95 +/- 111.53   |
400.49 +/- 0.55 MB
#### Task: Ant-v4

|                     | 0.15               |
|---------------------|--------------------|
| avg. return         | 877.64 +/- 87.93  |
| avg. inference time |  2.00 +/- 0.24     |
| avg. ep length      | 726.32 +/- 86.00   |
399.84 +/- 0.24 MB
#### Task: Ant-v4

|                     | 0.2               |
|---------------------|--------------------|
| avg. return         | 940.60 +/- 150.56  |
| avg. inference time |  2.23 +/- 0.38     |
| avg. ep length      | 802.67 +/- 135.65   |
400.43 +/- 0.48 MB
#### Task: Ant-v4

|                     | 0.25               |
|---------------------|--------------------|
| avg. return         | 1030.36 +/- 125.41  |
| avg. inference time |  2.43 +/- 0.26     |
| avg. ep length      | 878.56 +/- 92.11   |
400.25 +/- 0.36 MB
#### Task: Ant-v4

|                     | 0.3               |
|---------------------|--------------------|
| avg. return         | 1122.41 +/- 113.04  |
| avg. inference time |  2.43 +/- 0.23     |
| avg. ep length      | 892.65 +/- 83.67   |
400.31 +/- 0.36 MB
