#### Task: HalfCheetah

|                     | fp32               |
|---------------------|--------------------|
| avg. return         | 8285.89 +/- 48.98  |
| avg. inference time |  1.36 +/- 0.67     |
| avg. ep length      | 1000.00 +/- 0.00   |
378.14 +/- 0.19 MB
#### Task: HumanoidStandup

|                     | fp32               |
|---------------------|--------------------|
| avg. return         | 76729.05 +/- 1003.62  |
| avg. inference time |  6.89 +/- 0.36     |
| avg. ep length      | 1000.00 +/- 0.00   |
382.21 +/- 0.00 MB
#### Task: Ant

|                     | fp32               |
|---------------------|--------------------|
| avg. return         | 3351.91 +/- 111.66  |
| avg. inference time |  6.75 +/- 0.23     |
| avg. ep length      | 981.11 +/- 29.86   |
380.78 +/- 0.81 MB
#### Task: HalfCheetah

|                     | fp32               |
|---------------------|--------------------|
| avg. return         | 8285.89 +/- 48.98  |
| avg. inference time |  1.35 +/- 0.66     |
| avg. ep length      | 1000.00 +/- 0.00   |
378.44 +/- 0.18 MB
#### Task: HalfCheetah-v4

|                     | 0.05               |
|---------------------|--------------------|
| avg. return         | 8413.76 +/- 33.20  |
| avg. inference time |  1.31 +/- 0.01     |
| avg. ep length      | 1000.00 +/- 0.00   |
380.77 +/- 0.33 MB
#### Task: HalfCheetah-v4

|                     | 0.1               |
|---------------------|--------------------|
| avg. return         | 8145.40 +/- 40.54  |
| avg. inference time |  3.28 +/- 0.01     |
| avg. ep length      | 1000.00 +/- 0.00   |
381.80 +/- 0.07 MB
#### Task: HalfCheetah-v4

|                     | 0.15               |
|---------------------|--------------------|
| avg. return         | 6447.72 +/- 91.17  |
| avg. inference time |  2.08 +/- 0.98     |
| avg. ep length      | 1000.00 +/- 0.00   |
380.16 +/- 0.63 MB
#### Task: HalfCheetah-v4

|                     | 0.2               |
|---------------------|--------------------|
| avg. return         | 6348.81 +/- 104.87  |
| avg. inference time |  1.30 +/- 0.01     |
| avg. ep length      | 1000.00 +/- 0.00   |
380.91 +/- 0.74 MB
#### Task: HalfCheetah-v4

|                     | 0.25               |
|---------------------|--------------------|
| avg. return         | 4923.11 +/- 134.34  |
| avg. inference time |  1.40 +/- 0.37     |
| avg. ep length      | 1000.00 +/- 0.00   |
380.96 +/- 0.59 MB
#### Task: HalfCheetah-v4

|                     | 0.3               |
|---------------------|--------------------|
| avg. return         | 3981.54 +/- 113.09  |
| avg. inference time |  1.79 +/- 0.79     |
| avg. ep length      | 1000.00 +/- 0.00   |
380.95 +/- 0.38 MB
#### Task: HumanoidStandup

|                     | fp32               |
|---------------------|--------------------|
| avg. return         | 76729.05 +/- 1003.62  |
| avg. inference time |  11.05 +/- 0.68     |
| avg. ep length      | 1000.00 +/- 0.00   |
381.86 +/- 0.00 MB
#### Task: HumanoidStandup-v4

|                     | 0.05               |
|---------------------|--------------------|
| avg. return         | 76729.05 +/- 1003.62  |
| avg. inference time |  7.50 +/- 0.36     |
| avg. ep length      | 1000.00 +/- 0.00   |
387.57 +/- 0.23 MB
#### Task: HumanoidStandup-v4

|                     | 0.1               |
|---------------------|--------------------|
| avg. return         | 76729.05 +/- 1003.62  |
| avg. inference time |  7.80 +/- 0.92     |
| avg. ep length      | 1000.00 +/- 0.00   |
388.29 +/- 0.82 MB
#### Task: HumanoidStandup-v4

|                     | 0.15               |
|---------------------|--------------------|
| avg. return         | 76729.05 +/- 1003.62  |
| avg. inference time |  7.56 +/- 0.37     |
| avg. ep length      | 1000.00 +/- 0.00   |
387.66 +/- 0.82 MB
#### Task: HumanoidStandup-v4

|                     | 0.2               |
|---------------------|--------------------|
| avg. return         | 76729.05 +/- 1003.62  |
| avg. inference time |  7.53 +/- 0.36     |
| avg. ep length      | 1000.00 +/- 0.00   |
387.84 +/- 0.38 MB
#### Task: HumanoidStandup-v4

|                     | 0.25               |
|---------------------|--------------------|
| avg. return         | 76729.05 +/- 1003.62  |
| avg. inference time |  7.58 +/- 0.36     |
| avg. ep length      | 1000.00 +/- 0.00   |
387.60 +/- 0.39 MB
#### Task: HumanoidStandup-v4

|                     | 0.3               |
|---------------------|--------------------|
| avg. return         | 76729.06 +/- 1003.61  |
| avg. inference time |  8.90 +/- 2.36     |
| avg. ep length      | 1000.00 +/- 0.00   |
385.88 +/- 1.17 MB
#### Task: Ant

|                     | fp32               |
|---------------------|--------------------|
| avg. return         | 3351.91 +/- 111.66  |
| avg. inference time |  6.77 +/- 0.18     |
| avg. ep length      | 981.11 +/- 29.86   |
379.89 +/- 0.25 MB
#### Task: Ant-v4

|                     | 0.05               |
|---------------------|--------------------|
| avg. return         | 3349.63 +/- 102.21  |
| avg. inference time |  7.45 +/- 0.26     |
| avg. ep length      | 981.19 +/- 29.16   |
382.95 +/- 0.75 MB
#### Task: Ant-v4

|                     | 0.1               |
|---------------------|--------------------|
| avg. return         | 3360.18 +/- 95.62  |
| avg. inference time |  7.46 +/- 0.24     |
| avg. ep length      | 982.19 +/- 27.47   |
382.72 +/- 0.31 MB
#### Task: Ant-v4

|                     | 0.15               |
|---------------------|--------------------|
| avg. return         | 2905.69 +/- 277.16  |
| avg. inference time |  6.88 +/- 0.56     |
| avg. ep length      | 905.96 +/- 71.87   |
383.60 +/- 0.28 MB
#### Task: Ant-v4

|                     | 0.2               |
|---------------------|--------------------|
| avg. return         | 2818.25 +/- 241.91  |
| avg. inference time |  6.78 +/- 0.54     |
| avg. ep length      | 896.34 +/- 70.10   |
382.83 +/- 0.57 MB
#### Task: Ant-v4

|                     | 0.25               |
|---------------------|--------------------|
| avg. return         | 2636.76 +/- 298.59  |
| avg. inference time |  6.89 +/- 0.51     |
| avg. ep length      | 903.87 +/- 65.76   |
383.61 +/- 0.62 MB
#### Task: Ant-v4

|                     | 0.3               |
|---------------------|--------------------|
| avg. return         | 2333.48 +/- 283.01  |
| avg. inference time |  6.74 +/- 0.65     |
| avg. ep length      | 885.65 +/- 89.21   |
382.93 +/- 0.62 MB
