#### Task: HalfCheetah

|                     | fp32               |
|---------------------|--------------------|
| avg. return         | 5008.92 +/- 144.62  |
| avg. inference time |  2.55 +/- 0.00     |
| avg. ep length      | 1000.00 +/- 0.00   |
378.44 +/- 0.51 MB
#### Task: HumanoidStandup

|                     | fp32               |
|---------------------|--------------------|
| avg. return         | 81969.11 +/- 1653.99  |
| avg. inference time |  5.22 +/- 0.42     |
| avg. ep length      | 1000.00 +/- 0.00   |
380.36 +/- 0.05 MB
#### Task: Ant

|                     | fp32               |
|---------------------|--------------------|
| avg. return         | 843.21 +/- 165.63  |
| avg. inference time |  4.70 +/- 0.50     |
| avg. ep length      | 676.33 +/- 78.11   |
380.71 +/- 0.54 MB
#### Task: HalfCheetah

|                     | fp32               |
|---------------------|--------------------|
| avg. return         | 5008.92 +/- 144.62  |
| avg. inference time |  1.21 +/- 0.53     |
| avg. ep length      | 1000.00 +/- 0.00   |
377.37 +/- 0.14 MB
#### Task: HalfCheetah-v4

|                     | 0.05               |
|---------------------|--------------------|
| avg. return         | 5144.97 +/- 117.26  |
| avg. inference time |  1.38 +/- 0.01     |
| avg. ep length      | 1000.00 +/- 0.00   |
381.29 +/- 0.56 MB
#### Task: HalfCheetah-v4

|                     | 0.1               |
|---------------------|--------------------|
| avg. return         | 5002.36 +/- 141.45  |
| avg. inference time |  2.23 +/- 0.96     |
| avg. ep length      | 1000.00 +/- 0.00   |
380.79 +/- 0.69 MB
#### Task: HalfCheetah-v4

|                     | 0.15               |
|---------------------|--------------------|
| avg. return         | 4980.14 +/- 237.78  |
| avg. inference time |  1.36 +/- 0.00     |
| avg. ep length      | 1000.00 +/- 0.00   |
381.34 +/- 0.40 MB
#### Task: HalfCheetah-v4

|                     | 0.2               |
|---------------------|--------------------|
| avg. return         | 4842.01 +/- 67.29  |
| avg. inference time |  1.79 +/- 0.61     |
| avg. ep length      | 1000.00 +/- 0.00   |
381.20 +/- 0.50 MB
#### Task: HalfCheetah-v4

|                     | 0.25               |
|---------------------|--------------------|
| avg. return         | 4541.05 +/- 183.33  |
| avg. inference time |  1.35 +/- 0.00     |
| avg. ep length      | 1000.00 +/- 0.00   |
382.01 +/- 0.89 MB
#### Task: HalfCheetah-v4

|                     | 0.3               |
|---------------------|--------------------|
| avg. return         | 4312.33 +/- 56.95  |
| avg. inference time |  1.37 +/- 0.01     |
| avg. ep length      | 1000.00 +/- 0.00   |
381.86 +/- 1.14 MB
#### Task: HumanoidStandup

|                     | fp32               |
|---------------------|--------------------|
| avg. return         | 81969.11 +/- 1653.99  |
| avg. inference time |  5.43 +/- 0.65     |
| avg. ep length      | 1000.00 +/- 0.00   |
380.14 +/- 0.00 MB
#### Task: HumanoidStandup-v4

|                     | 0.05               |
|---------------------|--------------------|
| avg. return         | 81969.08 +/- 1654.00  |
| avg. inference time |  5.77 +/- 0.41     |
| avg. ep length      | 1000.00 +/- 0.00   |
384.50 +/- 0.76 MB
#### Task: HumanoidStandup-v4

|                     | 0.1               |
|---------------------|--------------------|
| avg. return         | 81969.08 +/- 1654.00  |
| avg. inference time |  10.60 +/- 0.57     |
| avg. ep length      | 1000.00 +/- 0.00   |
384.49 +/- 0.95 MB
#### Task: HumanoidStandup-v4

|                     | 0.15               |
|---------------------|--------------------|
| avg. return         | 81969.13 +/- 1653.88  |
| avg. inference time |  5.78 +/- 0.40     |
| avg. ep length      | 1000.00 +/- 0.00   |
384.51 +/- 1.03 MB
#### Task: HumanoidStandup-v4

|                     | 0.2               |
|---------------------|--------------------|
| avg. return         | 81969.13 +/- 1653.88  |
| avg. inference time |  5.87 +/- 0.41     |
| avg. ep length      | 1000.00 +/- 0.00   |
384.95 +/- 0.67 MB
#### Task: HumanoidStandup-v4

|                     | 0.25               |
|---------------------|--------------------|
| avg. return         | 81969.39 +/- 1654.15  |
| avg. inference time |  6.19 +/- 0.65     |
| avg. ep length      | 1000.00 +/- 0.00   |
384.43 +/- 1.01 MB
#### Task: HumanoidStandup-v4

|                     | 0.3               |
|---------------------|--------------------|
| avg. return         | 81969.14 +/- 1653.89  |
| avg. inference time |  5.78 +/- 0.40     |
| avg. ep length      | 1000.00 +/- 0.00   |
385.36 +/- 0.21 MB
#### Task: Ant

|                     | fp32               |
|---------------------|--------------------|
| avg. return         | 843.21 +/- 165.63  |
| avg. inference time |  4.75 +/- 0.55     |
| avg. ep length      | 676.33 +/- 78.11   |
379.82 +/- 0.29 MB
#### Task: Ant-v4

|                     | 0.05               |
|---------------------|--------------------|
| avg. return         | 932.16 +/- 242.73  |
| avg. inference time |  5.44 +/- 0.93     |
| avg. ep length      | 707.49 +/- 120.55   |
383.02 +/- 0.79 MB
#### Task: Ant-v4

|                     | 0.1               |
|---------------------|--------------------|
| avg. return         | 893.77 +/- 254.31  |
| avg. inference time |  4.98 +/- 1.38     |
| avg. ep length      | 648.65 +/- 180.50   |
382.23 +/- 0.51 MB
#### Task: Ant-v4

|                     | 0.15               |
|---------------------|--------------------|
| avg. return         | 944.22 +/- 170.40  |
| avg. inference time |  4.99 +/- 0.94     |
| avg. ep length      | 654.56 +/- 123.69   |
383.46 +/- 0.59 MB
#### Task: Ant-v4

|                     | 0.2               |
|---------------------|--------------------|
| avg. return         | 1051.68 +/- 149.37  |
| avg. inference time |  5.73 +/- 0.49     |
| avg. ep length      | 747.34 +/- 66.60   |
382.96 +/- 0.85 MB
#### Task: Ant-v4

|                     | 0.25               |
|---------------------|--------------------|
| avg. return         | 966.38 +/- 137.83  |
| avg. inference time |  5.63 +/- 0.75     |
| avg. ep length      | 727.64 +/- 97.41   |
383.37 +/- 0.61 MB
#### Task: Ant-v4

|                     | 0.3               |
|---------------------|--------------------|
| avg. return         | 719.15 +/- 113.86  |
| avg. inference time |  5.15 +/- 1.11     |
| avg. ep length      | 674.34 +/- 147.71   |
383.04 +/- 0.79 MB
