#### Task: HalfCheetah-v4

|                     | fp32               |
|---------------------|--------------------|
| avg. return         | 1529.22 +/- 166.61  |
| avg. inference time |  1.52 +/- 0.01     |
| avg. ep length      | 1000.00 +/- 0.00   |
491.79 +/- 0.00 MB
#### Task: HumanoidStandup-v4

|                     | fp32               |
|---------------------|--------------------|
| avg. return         | 122919.59 +/- 7396.26  |
| avg. inference time |  4.83 +/- 0.22     |
| avg. ep length      | 1000.00 +/- 0.00   |
494.01 +/- 0.00 MB
#### Task: Ant-v4

|                     | fp32               |
|---------------------|--------------------|
| avg. return         | 1960.86 +/- 200.34  |
| avg. inference time |  3.01 +/- 0.09     |
| avg. ep length      | 990.89 +/- 27.33   |
492.14 +/- 0.00 MB
#### Task: HalfCheetah-v4

|                     | fp32               |
|---------------------|--------------------|
| avg. return         | 1529.22 +/- 166.61  |
| avg. inference time |  1.52 +/- 0.00     |
| avg. ep length      | 1000.00 +/- 0.00   |
492.38 +/- 0.00 MB
#### Task: HalfCheetah-v4

|                     | 0.05               |
|---------------------|--------------------|
| avg. return         | 1511.29 +/- 98.77  |
| avg. inference time |  1.84 +/- 0.02     |
| avg. ep length      | 1000.00 +/- 0.00   |
493.45 +/- 0.00 MB
#### Task: HalfCheetah-v4

|                     | 0.1               |
|---------------------|--------------------|
| avg. return         | -621.30 +/- 216.89  |
| avg. inference time |  1.81 +/- 0.01     |
| avg. ep length      | 1000.00 +/- 0.00   |
493.58 +/- 0.05 MB
#### Task: HalfCheetah-v4

|                     | 0.15               |
|---------------------|--------------------|
| avg. return         | 1710.69 +/- 576.87  |
| avg. inference time |  1.76 +/- 0.01     |
| avg. ep length      | 1000.00 +/- 0.00   |
493.54 +/- 0.00 MB
#### Task: HalfCheetah-v4

|                     | 0.2               |
|---------------------|--------------------|
| avg. return         | 1646.19 +/- 565.81  |
| avg. inference time |  1.79 +/- 0.01     |
| avg. ep length      | 1000.00 +/- 0.00   |
493.84 +/- 0.14 MB
#### Task: HalfCheetah-v4

|                     | 0.25               |
|---------------------|--------------------|
| avg. return         | 1544.93 +/- 82.17  |
| avg. inference time |  1.84 +/- 0.01     |
| avg. ep length      | 1000.00 +/- 0.00   |
493.70 +/- 0.08 MB
#### Task: HalfCheetah-v4

|                     | 0.3               |
|---------------------|--------------------|
| avg. return         | -841.52 +/- 181.01  |
| avg. inference time |  1.77 +/- 0.01     |
| avg. ep length      | 1000.00 +/- 0.00   |
493.45 +/- 0.05 MB
#### Task: HumanoidStandup-v4

|                     | fp32               |
|---------------------|--------------------|
| avg. return         | 122919.59 +/- 7396.26  |
| avg. inference time |  4.77 +/- 0.22     |
| avg. ep length      | 1000.00 +/- 0.00   |
493.83 +/- 0.07 MB
#### Task: HumanoidStandup-v4

|                     | 0.05               |
|---------------------|--------------------|
| avg. return         | 126449.89 +/- 10086.84  |
| avg. inference time |  5.42 +/- 0.33     |
| avg. ep length      | 1000.00 +/- 0.00   |
495.96 +/- 0.05 MB
#### Task: HumanoidStandup-v4

|                     | 0.1               |
|---------------------|--------------------|
| avg. return         | 120739.32 +/- 9168.98  |
| avg. inference time |  5.29 +/- 0.21     |
| avg. ep length      | 1000.00 +/- 0.00   |
495.47 +/- 0.00 MB
#### Task: HumanoidStandup-v4

|                     | 0.15               |
|---------------------|--------------------|
| avg. return         | 118493.92 +/- 10047.69  |
| avg. inference time |  5.44 +/- 0.27     |
| avg. ep length      | 1000.00 +/- 0.00   |
495.93 +/- 0.08 MB
#### Task: HumanoidStandup-v4

|                     | 0.2               |
|---------------------|--------------------|
| avg. return         | 121714.63 +/- 7594.44  |
| avg. inference time |  5.52 +/- 0.27     |
| avg. ep length      | 1000.00 +/- 0.00   |
495.50 +/- 0.00 MB
#### Task: HumanoidStandup-v4

|                     | 0.25               |
|---------------------|--------------------|
| avg. return         | 116856.55 +/- 10126.51  |
| avg. inference time |  5.57 +/- 0.26     |
| avg. ep length      | 1000.00 +/- 0.00   |
495.79 +/- 0.05 MB
#### Task: HumanoidStandup-v4

|                     | 0.3               |
|---------------------|--------------------|
| avg. return         | 130578.86 +/- 9993.01  |
| avg. inference time |  5.16 +/- 0.18     |
| avg. ep length      | 1000.00 +/- 0.00   |
495.78 +/- 0.05 MB
#### Task: Ant-v4

|                     | fp32               |
|---------------------|--------------------|
| avg. return         | 1960.86 +/- 200.34  |
| avg. inference time |  3.02 +/- 0.09     |
| avg. ep length      | 990.89 +/- 27.33   |
492.33 +/- 0.06 MB
#### Task: Ant-v4

|                     | 0.05               |
|---------------------|--------------------|
| avg. return         | 2002.96 +/- 136.99  |
| avg. inference time |  3.39 +/- 0.03     |
| avg. ep length      | 996.99 +/- 9.03   |
493.72 +/- 0.05 MB
#### Task: Ant-v4

|                     | 0.1               |
|---------------------|--------------------|
| avg. return         | 1868.86 +/- 176.32  |
| avg. inference time |  3.29 +/- 0.16     |
| avg. ep length      | 957.03 +/- 45.17   |
493.55 +/- 0.07 MB
#### Task: Ant-v4

|                     | 0.15               |
|---------------------|--------------------|
| avg. return         | 1974.67 +/- 144.52  |
| avg. inference time |  3.26 +/- 0.14     |
| avg. ep length      | 973.14 +/- 41.25   |
493.73 +/- 0.00 MB
#### Task: Ant-v4

|                     | 0.2               |
|---------------------|--------------------|
| avg. return         | 1492.72 +/- 112.12  |
| avg. inference time |  3.32 +/- 0.10     |
| avg. ep length      | 986.30 +/- 30.18   |
493.54 +/- 0.05 MB
#### Task: Ant-v4

|                     | 0.25               |
|---------------------|--------------------|
| avg. return         | 377.70 +/- 155.59  |
| avg. inference time |  3.41 +/- 0.01     |
| avg. ep length      | 1000.00 +/- 0.00   |
493.49 +/- 0.06 MB
#### Task: Ant-v4

|                     | 0.3               |
|---------------------|--------------------|
| avg. return         | 1332.06 +/- 185.05  |
| avg. inference time |  3.33 +/- 0.07     |
| avg. ep length      | 992.68 +/- 21.96   |
493.65 +/- 0.08 MB
