#### Task: HalfCheetah-v4

|                     | fp32               |
|---------------------|--------------------|
| avg. return         | 10201.25 +/- 383.62  |
| avg. inference time |  1.41 +/- 0.00     |
| avg. ep length      | 1000.00 +/- 0.00   |
426.64 +/- 0.000000 MB
#### Task: HumanoidStandup-v4

|                     | fp32               |
|---------------------|--------------------|
| avg. return         | 144849.24 +/- 4353.59  |
| avg. inference time |  6.05 +/- 0.59     |
| avg. ep length      | 1000.00 +/- 0.00   |
427.48 +/- 0.076547 MB
#### Task: Ant-v4

|                     | fp32               |
|---------------------|--------------------|
| avg. return         | 3364.61 +/- 481.67  |
| avg. inference time |  5.94 +/- 0.82     |
| avg. ep length      | 763.62 +/- 103.45   |
428.07 +/- 0.316746 MB
#### Task: HalfCheetah-v4

|                     | fp32               |
|---------------------|--------------------|
| avg. return         | 10201.25 +/- 383.62  |
| avg. inference time |  1.70 +/- 0.60     |
| avg. ep length      | 1000.00 +/- 0.00   |
426.77 +/- 0.000000 MB
#### Task: HalfCheetah-v4

|                     | 0.05               |
|---------------------|--------------------|
| avg. return         | 10246.85 +/- 345.14  |
| avg. inference time |  3.42 +/- 1.12     |
| avg. ep length      | 1000.00 +/- 0.00   |
431.03 +/- 0.55 MB
#### Task: HalfCheetah-v4

|                     | 0.1               |
|---------------------|--------------------|
| avg. return         | 10327.04 +/- 545.59  |
| avg. inference time |  1.98 +/- 0.06     |
| avg. ep length      | 1000.00 +/- 0.00   |
430.50 +/- 0.09 MB
#### Task: HalfCheetah-v4

|                     | 0.15               |
|---------------------|--------------------|
| avg. return         | 8975.52 +/- 735.39  |
| avg. inference time |  2.29 +/- 0.70     |
| avg. ep length      | 1000.00 +/- 0.00   |
430.62 +/- 0.12 MB
#### Task: HalfCheetah-v4

|                     | 0.2               |
|---------------------|--------------------|
| avg. return         | 8223.83 +/- 719.72  |
| avg. inference time |  1.98 +/- 0.00     |
| avg. ep length      | 1000.00 +/- 0.00   |
430.78 +/- 0.12 MB
#### Task: HalfCheetah-v4

|                     | 0.25               |
|---------------------|--------------------|
| avg. return         | 5093.94 +/- 573.26  |
| avg. inference time |  1.98 +/- 0.01     |
| avg. ep length      | 1000.00 +/- 0.00   |
430.86 +/- 0.08 MB
#### Task: HalfCheetah-v4

|                     | 0.3               |
|---------------------|--------------------|
| avg. return         | 5072.29 +/- 842.96  |
| avg. inference time |  2.27 +/- 0.66     |
| avg. ep length      | 1000.00 +/- 0.00   |
430.59 +/- 0.19 MB
#### Task: HumanoidStandup-v4

|                     | fp32               |
|---------------------|--------------------|
| avg. return         | 144849.24 +/- 4353.59  |
| avg. inference time |  6.27 +/- 1.19     |
| avg. ep length      | 1000.00 +/- 0.00   |
427.25 +/- 0.078125 MB
#### Task: HumanoidStandup-v4

|                     | 0.05               |
|---------------------|--------------------|
| avg. return         | 151619.27 +/- 1749.05  |
| avg. inference time |  7.72 +/- 1.73     |
| avg. ep length      | 1000.00 +/- 0.00   |
431.99 +/- 0.20 MB
#### Task: HumanoidStandup-v4

|                     | 0.1               |
|---------------------|--------------------|
| avg. return         | 151319.26 +/- 3614.21  |
| avg. inference time |  7.11 +/- 0.67     |
| avg. ep length      | 1000.00 +/- 0.00   |
432.36 +/- 0.14 MB
#### Task: HumanoidStandup-v4

|                     | 0.15               |
|---------------------|--------------------|
| avg. return         | 151466.42 +/- 746.14  |
| avg. inference time |  9.52 +/- 2.31     |
| avg. ep length      | 1000.00 +/- 0.00   |
432.33 +/- 0.20 MB
#### Task: HumanoidStandup-v4

|                     | 0.2               |
|---------------------|--------------------|
| avg. return         | 151192.46 +/- 148.52  |
| avg. inference time |  7.90 +/- 0.74     |
| avg. ep length      | 1000.00 +/- 0.00   |
432.40 +/- 0.20 MB
#### Task: HumanoidStandup-v4

|                     | 0.25               |
|---------------------|--------------------|
| avg. return         | 152643.78 +/- 143.72  |
| avg. inference time |  7.34 +/- 0.09     |
| avg. ep length      | 1000.00 +/- 0.00   |
432.54 +/- 0.28 MB
#### Task: HumanoidStandup-v4

|                     | 0.3               |
|---------------------|--------------------|
| avg. return         | 151772.80 +/- 2014.46  |
| avg. inference time |  6.72 +/- 0.10     |
| avg. ep length      | 1000.00 +/- 0.00   |
432.59 +/- 0.27 MB
#### Task: Ant-v4

|                     | fp32               |
|---------------------|--------------------|
| avg. return         | 3364.61 +/- 481.67  |
| avg. inference time |  5.93 +/- 0.86     |
| avg. ep length      | 763.62 +/- 103.45   |
428.20 +/- 0.182597 MB
#### Task: Ant-v4

|                     | 0.05               |
|---------------------|--------------------|
| avg. return         | 3889.23 +/- 357.08  |
| avg. inference time |  7.60 +/- 0.74     |
| avg. ep length      | 878.64 +/- 79.87   |
432.70 +/- 0.28 MB
#### Task: Ant-v4

|                     | 0.1               |
|---------------------|--------------------|
| avg. return         | 3854.54 +/- 372.57  |
| avg. inference time |  7.51 +/- 0.72     |
| avg. ep length      | 869.42 +/- 79.02   |
432.32 +/- 0.27 MB
#### Task: Ant-v4

|                     | 0.15               |
|---------------------|--------------------|
| avg. return         | 2814.53 +/- 402.22  |
| avg. inference time |  6.35 +/- 1.22     |
| avg. ep length      | 738.12 +/- 139.33   |
432.14 +/- 0.33 MB
#### Task: Ant-v4

|                     | 0.2               |
|---------------------|--------------------|
| avg. return         | 1264.20 +/- 420.43  |
| avg. inference time |  3.11 +/- 0.85     |
| avg. ep length      | 359.65 +/- 99.38   |
432.32 +/- 0.28 MB
#### Task: Ant-v4

|                     | 0.25               |
|---------------------|--------------------|
| avg. return         | 1312.30 +/- 488.06  |
| avg. inference time |  3.78 +/- 0.87     |
| avg. ep length      | 429.14 +/- 100.31   |
432.59 +/- 0.19 MB
#### Task: Ant-v4

|                     | 0.3               |
|---------------------|--------------------|
| avg. return         | 527.77 +/- 221.19  |
| avg. inference time |  1.93 +/- 0.48     |
| avg. ep length      | 225.00 +/- 56.85   |
432.06 +/- 0.18 MB
